<?xml version="1.0" encoding="UTF-8"?>
<Site BuildName="Darwin-clang++"
	BuildStamp="20231019-1056-Experimental"
	Name="Andres-MacBook-Pro.local"
	Generator="ctest-3.27.4"
	CompilerName="/usr/bin/clang++"
	CompilerVersion="14.0.3.14030022"
	OSName="macOS"
	Hostname="ip-145-116-157-159.wlan-int.ru.nl"
	OSRelease="13.0.1"
	OSVersion="22A400"
	OSPlatform="arm64"
	Is64Bits="1"
	VendorString="IBM"
	VendorID="IBM"
	FamilyID="16777228"
	ModelID="2"
	ProcessorCacheSize="131072"
	NumberOfLogicalCPU="10"
	NumberOfPhysicalCPU="10"
	TotalVirtualMemory="18432"
	TotalPhysicalMemory="16384"
	LogicalProcessorsPerPhysical="10"
	ProcessorClockFrequency="0"
	>
	<Testing>
		<StartDateTime>Oct 19 12:56 CEST</StartDateTime>
		<StartTestTime>1697712993</StartTestTime>
		<TestList/>
		<EndDateTime>Oct 19 12:56 CEST</EndDateTime>
		<EndTestTime>1697712993</EndTestTime>
		<ElapsedMinutes>0</ElapsedMinutes>
	</Testing>
</Site>
